Using pre-set license
Built from '2020.3/staging' branch; Version is '2020.3.5f1 (8095aa901b9b) revision 8426922'; Using compiler version '192528614'; Build Type 'Release'
OS: 'Windows 10 Pro; OS build 19043.1706; Version 2009; 64bit' Language: 'en' Physical Memory: 32628 MB
BatchMode: 1, IsHumanControllingUs: 0, StartBugReporterOnCrash: 0, Is64bit: 1, IsPro: 0

 COMMAND LINE ARGUMENTS:
C:\Program Files\Unity\Hub\Editor\2020.3.5f1\Editor\Unity.exe
-adb2
-batchMode
-noUpm
-name
AssetImportWorker0
-projectPath
C:/Users/timot/Desktop/GitGood/hippityHoppity/Hopscotch
-logFile
Logs/AssetImportWorker0.log
-srvPort
60743
Successfully changed project path to: C:/Users/timot/Desktop/GitGood/hippityHoppity/Hopscotch
C:/Users/timot/Desktop/GitGood/hippityHoppity/Hopscotch
Using Asset Import Pipeline V2.
Refreshing native plugins compatible for Editor in 21.33 ms, found 0 plugins.
Preloading 0 native plugins for Editor in 0.00 ms.
Initialize engine version: 2020.3.5f1 (8095aa901b9b)
[Subsystems] Discovering subsystems at path C:/Program Files/Unity/Hub/Editor/2020.3.5f1/Editor/Data/Resources/UnitySubsystems
[Subsystems] Discovering subsystems at path C:/Users/timot/Desktop/GitGood/hippityHoppity/Hopscotch/Assets
GfxDevice: creating device client; threaded=0
Direct3D:
    Version:  Direct3D 11.0 [level 11.1]
    Renderer: NVIDIA GeForce RTX 3060 Ti (ID=0x2489)
    Vendor:   
    VRAM:     8050 MB
    Driver:   30.0.15.1123
Initialize mono
Mono path[0] = 'C:/Program Files/Unity/Hub/Editor/2020.3.5f1/Editor/Data/Managed'
Mono path[1] = 'C:/Program Files/Unity/Hub/Editor/2020.3.5f1/Editor/Data/MonoBleedingEdge/lib/mono/unityjit'
Mono config path = 'C:/Program Files/Unity/Hub/Editor/2020.3.5f1/Editor/Data/MonoBleedingEdge/etc'
Using monoOptions --debugger-agent=transport=dt_socket,embedding=1,server=y,suspend=n,address=127.0.0.1:56276
Begin MonoManager ReloadAssembly
Registering precompiled unity dll's ...
Register platform support module: C:/Program Files/Unity/Hub/Editor/2020.3.5f1/Editor/Data/PlaybackEngines/WindowsStandaloneSupport/UnityEditor.WindowsStandalone.Extensions.dll
Registered in 0.001606 seconds.
Native extension for WindowsStandalone target not found
Refreshing native plugins compatible for Editor in 21.71 ms, found 0 plugins.
Preloading 0 native plugins for Editor in 0.00 ms.
Mono: successfully reloaded assembly
- Completed reload, in  1.695 seconds
Platform modules already initialized, skipping
Registering precompiled user dll's ...
Registered in 0.000604 seconds.
Begin MonoManager ReloadAssembly
Native extension for WindowsStandalone target not found
Refreshing native plugins compatible for Editor in 0.24 ms, found 0 plugins.
Preloading 0 native plugins for Editor in 0.00 ms.
Mono: successfully reloaded assembly
- Completed reload, in  0.640 seconds
Platform modules already initialized, skipping
========================================================================
Worker process is ready to serve import requests
Launched and connected shader compiler UnityShaderCompiler.exe after 0.03 seconds
Refreshing native plugins compatible for Editor in 0.23 ms, found 0 plugins.
Preloading 0 native plugins for Editor in 0.00 ms.
Unloading 1478 Unused Serialized files (Serialized files now loaded: 0)
System memory in use before: 72.2 MB.
System memory in use after: 72.2 MB.

Unloading 11 unused Assets to reduce memory usage. Loaded Objects now: 1921.
Total: 1.610100 ms (FindLiveObjects: 0.124400 ms CreateObjectMapping: 0.035500 ms MarkObjects: 1.364900 ms  DeleteObjects: 0.084600 ms)

========================================================================
Received Import Request.
  path: Assets/Scripts/SpawnTiles.cs
  artifactKey: Guid(714647ff8b0179c4f9b5e14675dc04a9) Importer(815301076,1909f56bfc062723c751e8b465ee728b)
Start importing Assets/Scripts/SpawnTiles.cs using Guid(714647ff8b0179c4f9b5e14675dc04a9) Importer(815301076,1909f56bfc062723c751e8b465ee728b)  -> (artifact id: '2d75c6b8598211c04fe16a2e02a7b722') in 0.034499 seconds
  Import took 0.039559 seconds .

========================================================================
Received Prepare
Registering precompiled user dll's ...
Registered in 0.000501 seconds.
Begin MonoManager ReloadAssembly
Native extension for WindowsStandalone target not found
Refreshing native plugins compatible for Editor in 0.23 ms, found 0 plugins.
Preloading 0 native plugins for Editor in 0.00 ms.
Mono: successfully reloaded assembly
- Completed reload, in  0.619 seconds
Platform modules already initialized, skipping
Refreshing native plugins compatible for Editor in 0.23 ms, found 0 plugins.
Preloading 0 native plugins for Editor in 0.00 ms.
Unloading 1451 Unused Serialized files (Serialized files now loaded: 0)
System memory in use before: 70.0 MB.
System memory in use after: 70.0 MB.

Unloading 6 unused Assets to reduce memory usage. Loaded Objects now: 1924.
Total: 1.532100 ms (FindLiveObjects: 0.140800 ms CreateObjectMapping: 0.043200 ms MarkObjects: 1.286600 ms  DeleteObjects: 0.060800 ms)

========================================================================
Received Prepare
Registering precompiled user dll's ...
Registered in 0.000519 seconds.
Begin MonoManager ReloadAssembly
Native extension for WindowsStandalone target not found
Refreshing native plugins compatible for Editor in 0.22 ms, found 0 plugins.
Preloading 0 native plugins for Editor in 0.00 ms.
Mono: successfully reloaded assembly
- Completed reload, in  0.603 seconds
Platform modules already initialized, skipping
Refreshing native plugins compatible for Editor in 0.23 ms, found 0 plugins.
Preloading 0 native plugins for Editor in 0.00 ms.
Unloading 1451 Unused Serialized files (Serialized files now loaded: 0)
System memory in use before: 70.0 MB.
System memory in use after: 70.1 MB.

Unloading 6 unused Assets to reduce memory usage. Loaded Objects now: 1927.
Total: 5.531800 ms (FindLiveObjects: 0.414800 ms CreateObjectMapping: 0.184200 ms MarkObjects: 4.676600 ms  DeleteObjects: 0.252400 ms)

========================================================================
Received Prepare
Registering precompiled user dll's ...
Registered in 0.000585 seconds.
Begin MonoManager ReloadAssembly
Native extension for WindowsStandalone target not found
Refreshing native plugins compatible for Editor in 0.22 ms, found 0 plugins.
Preloading 0 native plugins for Editor in 0.00 ms.
Mono: successfully reloaded assembly
- Completed reload, in  0.615 seconds
Platform modules already initialized, skipping
Refreshing native plugins compatible for Editor in 0.22 ms, found 0 plugins.
Preloading 0 native plugins for Editor in 0.00 ms.
Unloading 1451 Unused Serialized files (Serialized files now loaded: 0)
System memory in use before: 70.1 MB.
System memory in use after: 70.1 MB.

Unloading 6 unused Assets to reduce memory usage. Loaded Objects now: 1930.
Total: 1.667500 ms (FindLiveObjects: 0.145900 ms CreateObjectMapping: 0.037900 ms MarkObjects: 1.411500 ms  DeleteObjects: 0.071600 ms)

========================================================================
Received Prepare
Registering precompiled user dll's ...
Registered in 0.000819 seconds.
Begin MonoManager ReloadAssembly
Native extension for WindowsStandalone target not found
Refreshing native plugins compatible for Editor in 0.24 ms, found 0 plugins.
Preloading 0 native plugins for Editor in 0.00 ms.
Mono: successfully reloaded assembly
- Completed reload, in  0.598 seconds
Platform modules already initialized, skipping
Refreshing native plugins compatible for Editor in 0.23 ms, found 0 plugins.
Preloading 0 native plugins for Editor in 0.00 ms.
Unloading 1451 Unused Serialized files (Serialized files now loaded: 0)
System memory in use before: 70.1 MB.
System memory in use after: 70.1 MB.

Unloading 6 unused Assets to reduce memory usage. Loaded Objects now: 1933.
Total: 1.564100 ms (FindLiveObjects: 0.146600 ms CreateObjectMapping: 0.037200 ms MarkObjects: 1.314300 ms  DeleteObjects: 0.064500 ms)

========================================================================
Received Prepare
Registering precompiled user dll's ...
Registered in 0.000608 seconds.
Begin MonoManager ReloadAssembly
Native extension for WindowsStandalone target not found
Refreshing native plugins compatible for Editor in 0.23 ms, found 0 plugins.
Preloading 0 native plugins for Editor in 0.00 ms.
Mono: successfully reloaded assembly
- Completed reload, in  0.623 seconds
Platform modules already initialized, skipping
Refreshing native plugins compatible for Editor in 0.25 ms, found 0 plugins.
Preloading 0 native plugins for Editor in 0.00 ms.
Unloading 1451 Unused Serialized files (Serialized files now loaded: 0)
System memory in use before: 70.1 MB.
System memory in use after: 70.1 MB.

Unloading 6 unused Assets to reduce memory usage. Loaded Objects now: 1936.
Total: 2.215800 ms (FindLiveObjects: 0.260500 ms CreateObjectMapping: 0.073400 ms MarkObjects: 1.774600 ms  DeleteObjects: 0.106200 ms)

========================================================================
Received Prepare
Registering precompiled user dll's ...
Registered in 0.000545 seconds.
Begin MonoManager ReloadAssembly
Native extension for WindowsStandalone target not found
Refreshing native plugins compatible for Editor in 0.23 ms, found 0 plugins.
Preloading 0 native plugins for Editor in 0.00 ms.
Mono: successfully reloaded assembly
- Completed reload, in  0.636 seconds
Platform modules already initialized, skipping
Refreshing native plugins compatible for Editor in 0.23 ms, found 0 plugins.
Preloading 0 native plugins for Editor in 0.00 ms.
Unloading 1451 Unused Serialized files (Serialized files now loaded: 0)
System memory in use before: 70.1 MB.
System memory in use after: 70.1 MB.

Unloading 6 unused Assets to reduce memory usage. Loaded Objects now: 1939.
Total: 2.049100 ms (FindLiveObjects: 0.144800 ms CreateObjectMapping: 0.044500 ms MarkObjects: 1.783900 ms  DeleteObjects: 0.074500 ms)

========================================================================
Received Prepare
Registering precompiled user dll's ...
Registered in 0.000562 seconds.
Begin MonoManager ReloadAssembly
Native extension for WindowsStandalone target not found
Refreshing native plugins compatible for Editor in 0.23 ms, found 0 plugins.
Preloading 0 native plugins for Editor in 0.00 ms.
Mono: successfully reloaded assembly
- Completed reload, in  0.612 seconds
Platform modules already initialized, skipping
Refreshing native plugins compatible for Editor in 0.25 ms, found 0 plugins.
Preloading 0 native plugins for Editor in 0.00 ms.
Unloading 1451 Unused Serialized files (Serialized files now loaded: 0)
System memory in use before: 70.1 MB.
System memory in use after: 70.1 MB.

Unloading 6 unused Assets to reduce memory usage. Loaded Objects now: 1942.
Total: 1.566800 ms (FindLiveObjects: 0.140000 ms CreateObjectMapping: 0.034200 ms MarkObjects: 1.329200 ms  DeleteObjects: 0.062700 ms)

========================================================================
Received Prepare
Registering precompiled user dll's ...
Registered in 0.000562 seconds.
Begin MonoManager ReloadAssembly
Native extension for WindowsStandalone target not found
Refreshing native plugins compatible for Editor in 0.23 ms, found 0 plugins.
Preloading 0 native plugins for Editor in 0.00 ms.
Mono: successfully reloaded assembly
- Completed reload, in  0.613 seconds
Platform modules already initialized, skipping
Refreshing native plugins compatible for Editor in 0.24 ms, found 0 plugins.
Preloading 0 native plugins for Editor in 0.00 ms.
Unloading 1451 Unused Serialized files (Serialized files now loaded: 0)
System memory in use before: 70.1 MB.
System memory in use after: 70.1 MB.

Unloading 6 unused Assets to reduce memory usage. Loaded Objects now: 1945.
Total: 1.777700 ms (FindLiveObjects: 0.201200 ms CreateObjectMapping: 0.050500 ms MarkObjects: 1.451800 ms  DeleteObjects: 0.073100 ms)

========================================================================
Received Prepare
Registering precompiled user dll's ...
Registered in 0.000500 seconds.
Begin MonoManager ReloadAssembly
Native extension for WindowsStandalone target not found
Refreshing native plugins compatible for Editor in 0.24 ms, found 0 plugins.
Preloading 0 native plugins for Editor in 0.00 ms.
Mono: successfully reloaded assembly
- Completed reload, in  0.597 seconds
Platform modules already initialized, skipping
Refreshing native plugins compatible for Editor in 0.23 ms, found 0 plugins.
Preloading 0 native plugins for Editor in 0.00 ms.
Unloading 1451 Unused Serialized files (Serialized files now loaded: 0)
System memory in use before: 70.1 MB.
System memory in use after: 70.1 MB.

Unloading 6 unused Assets to reduce memory usage. Loaded Objects now: 1948.
Total: 1.599400 ms (FindLiveObjects: 0.154800 ms CreateObjectMapping: 0.039800 ms MarkObjects: 1.336500 ms  DeleteObjects: 0.067600 ms)

========================================================================
Received Prepare
Registering precompiled user dll's ...
Registered in 0.000567 seconds.
Begin MonoManager ReloadAssembly
Native extension for WindowsStandalone target not found
Refreshing native plugins compatible for Editor in 0.23 ms, found 0 plugins.
Preloading 0 native plugins for Editor in 0.00 ms.
Mono: successfully reloaded assembly
- Completed reload, in  0.596 seconds
Platform modules already initialized, skipping
Refreshing native plugins compatible for Editor in 0.24 ms, found 0 plugins.
Preloading 0 native plugins for Editor in 0.00 ms.
Unloading 1451 Unused Serialized files (Serialized files now loaded: 0)
System memory in use before: 70.1 MB.
System memory in use after: 70.1 MB.

Unloading 6 unused Assets to reduce memory usage. Loaded Objects now: 1951.
Total: 1.862600 ms (FindLiveObjects: 0.222500 ms CreateObjectMapping: 0.065700 ms MarkObjects: 1.494600 ms  DeleteObjects: 0.078500 ms)

========================================================================
Received Prepare
Registering precompiled user dll's ...
Registered in 0.000590 seconds.
Begin MonoManager ReloadAssembly
Native extension for WindowsStandalone target not found
Refreshing native plugins compatible for Editor in 0.23 ms, found 0 plugins.
Preloading 0 native plugins for Editor in 0.00 ms.
Mono: successfully reloaded assembly
- Completed reload, in  0.605 seconds
Platform modules already initialized, skipping
Refreshing native plugins compatible for Editor in 0.24 ms, found 0 plugins.
Preloading 0 native plugins for Editor in 0.00 ms.
Unloading 1451 Unused Serialized files (Serialized files now loaded: 0)
System memory in use before: 70.1 MB.
System memory in use after: 70.1 MB.

Unloading 6 unused Assets to reduce memory usage. Loaded Objects now: 1954.
Total: 1.553700 ms (FindLiveObjects: 0.131700 ms CreateObjectMapping: 0.038100 ms MarkObjects: 1.315700 ms  DeleteObjects: 0.067500 ms)

========================================================================
Received Prepare
Registering precompiled user dll's ...
Registered in 0.000548 seconds.
Begin MonoManager ReloadAssembly
Native extension for WindowsStandalone target not found
Refreshing native plugins compatible for Editor in 0.23 ms, found 0 plugins.
Preloading 0 native plugins for Editor in 0.00 ms.
Mono: successfully reloaded assembly
- Completed reload, in  0.599 seconds
Platform modules already initialized, skipping
Refreshing native plugins compatible for Editor in 0.24 ms, found 0 plugins.
Preloading 0 native plugins for Editor in 0.00 ms.
Unloading 1451 Unused Serialized files (Serialized files now loaded: 0)
System memory in use before: 70.1 MB.
System memory in use after: 70.1 MB.

Unloading 6 unused Assets to reduce memory usage. Loaded Objects now: 1957.
Total: 5.850400 ms (FindLiveObjects: 0.404600 ms CreateObjectMapping: 0.171900 ms MarkObjects: 5.210600 ms  DeleteObjects: 0.061300 ms)

========================================================================
Received Prepare
Registering precompiled user dll's ...
Registered in 0.000727 seconds.
Begin MonoManager ReloadAssembly
Native extension for WindowsStandalone target not found
Refreshing native plugins compatible for Editor in 0.23 ms, found 0 plugins.
Preloading 0 native plugins for Editor in 0.00 ms.
Mono: successfully reloaded assembly
- Completed reload, in  0.605 seconds
Platform modules already initialized, skipping
Refreshing native plugins compatible for Editor in 0.23 ms, found 0 plugins.
Preloading 0 native plugins for Editor in 0.00 ms.
Unloading 1451 Unused Serialized files (Serialized files now loaded: 0)
System memory in use before: 70.1 MB.
System memory in use after: 70.2 MB.

Unloading 6 unused Assets to reduce memory usage. Loaded Objects now: 1960.
Total: 1.636100 ms (FindLiveObjects: 0.140500 ms CreateObjectMapping: 0.046100 ms MarkObjects: 1.381300 ms  DeleteObjects: 0.067500 ms)

========================================================================
Received Prepare
Registering precompiled user dll's ...
Registered in 0.000592 seconds.
Begin MonoManager ReloadAssembly
Native extension for WindowsStandalone target not found
Refreshing native plugins compatible for Editor in 0.24 ms, found 0 plugins.
Preloading 0 native plugins for Editor in 0.00 ms.
Mono: successfully reloaded assembly
- Completed reload, in  0.609 seconds
Platform modules already initialized, skipping
Refreshing native plugins compatible for Editor in 0.24 ms, found 0 plugins.
Preloading 0 native plugins for Editor in 0.00 ms.
Unloading 1451 Unused Serialized files (Serialized files now loaded: 0)
System memory in use before: 70.1 MB.
System memory in use after: 70.2 MB.

Unloading 6 unused Assets to reduce memory usage. Loaded Objects now: 1963.
Total: 2.035500 ms (FindLiveObjects: 0.149100 ms CreateObjectMapping: 0.039500 ms MarkObjects: 1.777600 ms  DeleteObjects: 0.068500 ms)

========================================================================
Received Prepare
Registering precompiled user dll's ...
Registered in 0.000520 seconds.
Begin MonoManager ReloadAssembly
Native extension for WindowsStandalone target not found
Refreshing native plugins compatible for Editor in 0.23 ms, found 0 plugins.
Preloading 0 native plugins for Editor in 0.00 ms.
Mono: successfully reloaded assembly
- Completed reload, in  0.612 seconds
Platform modules already initialized, skipping
Refreshing native plugins compatible for Editor in 0.23 ms, found 0 plugins.
Preloading 0 native plugins for Editor in 0.00 ms.
Unloading 1451 Unused Serialized files (Serialized files now loaded: 0)
System memory in use before: 70.1 MB.
System memory in use after: 70.2 MB.

Unloading 6 unused Assets to reduce memory usage. Loaded Objects now: 1966.
Total: 1.577100 ms (FindLiveObjects: 0.136400 ms CreateObjectMapping: 0.032900 ms MarkObjects: 1.341200 ms  DeleteObjects: 0.065700 ms)

========================================================================
Received Prepare
Registering precompiled user dll's ...
Registered in 0.000511 seconds.
Begin MonoManager ReloadAssembly
Native extension for WindowsStandalone target not found
Refreshing native plugins compatible for Editor in 0.23 ms, found 0 plugins.
Preloading 0 native plugins for Editor in 0.00 ms.
Mono: successfully reloaded assembly
- Completed reload, in  0.601 seconds
Platform modules already initialized, skipping
Refreshing native plugins compatible for Editor in 0.23 ms, found 0 plugins.
Preloading 0 native plugins for Editor in 0.00 ms.
Unloading 1451 Unused Serialized files (Serialized files now loaded: 0)
System memory in use before: 70.1 MB.
System memory in use after: 70.2 MB.

Unloading 6 unused Assets to reduce memory usage. Loaded Objects now: 1969.
Total: 2.190400 ms (FindLiveObjects: 0.212400 ms CreateObjectMapping: 0.063000 ms MarkObjects: 1.846100 ms  DeleteObjects: 0.067600 ms)

========================================================================
Received Prepare
Registering precompiled user dll's ...
Registered in 0.000507 seconds.
Begin MonoManager ReloadAssembly
Native extension for WindowsStandalone target not found
Refreshing native plugins compatible for Editor in 0.23 ms, found 0 plugins.
Preloading 0 native plugins for Editor in 0.00 ms.
Mono: successfully reloaded assembly
- Completed reload, in  0.611 seconds
Platform modules already initialized, skipping
Refreshing native plugins compatible for Editor in 0.24 ms, found 0 plugins.
Preloading 0 native plugins for Editor in 0.00 ms.
Unloading 1451 Unused Serialized files (Serialized files now loaded: 0)
System memory in use before: 70.1 MB.
System memory in use after: 70.2 MB.

Unloading 6 unused Assets to reduce memory usage. Loaded Objects now: 1972.
Total: 6.038200 ms (FindLiveObjects: 0.695400 ms CreateObjectMapping: 0.169400 ms MarkObjects: 4.932700 ms  DeleteObjects: 0.237800 ms)

========================================================================
Received Prepare
Registering precompiled user dll's ...
Registered in 0.000559 seconds.
Begin MonoManager ReloadAssembly
Native extension for WindowsStandalone target not found
Refreshing native plugins compatible for Editor in 0.24 ms, found 0 plugins.
Preloading 0 native plugins for Editor in 0.00 ms.
Mono: successfully reloaded assembly
- Completed reload, in  0.611 seconds
Platform modules already initialized, skipping
Refreshing native plugins compatible for Editor in 0.23 ms, found 0 plugins.
Preloading 0 native plugins for Editor in 0.00 ms.
Unloading 1451 Unused Serialized files (Serialized files now loaded: 0)
System memory in use before: 70.2 MB.
System memory in use after: 70.2 MB.

Unloading 6 unused Assets to reduce memory usage. Loaded Objects now: 1975.
Total: 1.637000 ms (FindLiveObjects: 0.148900 ms CreateObjectMapping: 0.042100 ms MarkObjects: 1.372400 ms  DeleteObjects: 0.073000 ms)

========================================================================
Received Prepare
Registering precompiled user dll's ...
Registered in 0.000616 seconds.
Begin MonoManager ReloadAssembly
Native extension for WindowsStandalone target not found
Refreshing native plugins compatible for Editor in 0.23 ms, found 0 plugins.
Preloading 0 native plugins for Editor in 0.00 ms.
Mono: successfully reloaded assembly
- Completed reload, in  0.588 seconds
Platform modules already initialized, skipping
Refreshing native plugins compatible for Editor in 0.24 ms, found 0 plugins.
Preloading 0 native plugins for Editor in 0.00 ms.
Unloading 1451 Unused Serialized files (Serialized files now loaded: 0)
System memory in use before: 70.2 MB.
System memory in use after: 70.2 MB.

Unloading 6 unused Assets to reduce memory usage. Loaded Objects now: 1978.
Total: 1.754000 ms (FindLiveObjects: 0.162200 ms CreateObjectMapping: 0.043000 ms MarkObjects: 1.477600 ms  DeleteObjects: 0.070500 ms)

========================================================================
Received Import Request.
  Time since last request: 4204.911096 seconds.
  path: Assets/Prefabs/Tile_Amber.prefab
  artifactKey: Guid(1d9fff08886c96243b3540e25175952b) Importer(815301076,1909f56bfc062723c751e8b465ee728b)
Start importing Assets/Prefabs/Tile_Amber.prefab using Guid(1d9fff08886c96243b3540e25175952b) Importer(815301076,1909f56bfc062723c751e8b465ee728b)  -> (artifact id: '72709462fc0636c308a6492b4d5ed145') in 0.029071 seconds
  Import took 0.030979 seconds .

========================================================================
Received Import Request.
  Time since last request: 6.208923 seconds.
  path: Assets/Prefabs/Tile_Green.prefab
  artifactKey: Guid(b2b50d5e180b26d4eb2b0202e77e1598) Importer(815301076,1909f56bfc062723c751e8b465ee728b)
Start importing Assets/Prefabs/Tile_Green.prefab using Guid(b2b50d5e180b26d4eb2b0202e77e1598) Importer(815301076,1909f56bfc062723c751e8b465ee728b)  -> (artifact id: '10474f1ce1d242c1ed080793ed3b775c') in 0.006199 seconds
  Import took 0.008594 seconds .

========================================================================
Received Import Request.
  Time since last request: 0.001807 seconds.
  path: Assets/Prefabs/Tile_Green.prefab
  artifactKey: Guid(b2b50d5e180b26d4eb2b0202e77e1598) Importer(815301076,1909f56bfc062723c751e8b465ee728b)
Start importing Assets/Prefabs/Tile_Green.prefab using Guid(b2b50d5e180b26d4eb2b0202e77e1598) Importer(815301076,1909f56bfc062723c751e8b465ee728b)  -> (artifact id: '10474f1ce1d242c1ed080793ed3b775c') in 0.003277 seconds
  Import took 0.005213 seconds .

========================================================================
Received Import Request.
  Time since last request: 4.724306 seconds.
  path: Assets/Prefabs/Tile_Red.prefab
  artifactKey: Guid(75ea199343dfbd4408af280ec15a6cc9) Importer(815301076,1909f56bfc062723c751e8b465ee728b)
Start importing Assets/Prefabs/Tile_Red.prefab using Guid(75ea199343dfbd4408af280ec15a6cc9) Importer(815301076,1909f56bfc062723c751e8b465ee728b)  -> (artifact id: '7d939bef90ad8f3675033da11ff43c0f') in 0.006010 seconds
  Import took 0.008077 seconds .

========================================================================
Received Import Request.
  Time since last request: 0.000943 seconds.
  path: Assets/Prefabs/Tile_Red.prefab
  artifactKey: Guid(75ea199343dfbd4408af280ec15a6cc9) Importer(815301076,1909f56bfc062723c751e8b465ee728b)
Start importing Assets/Prefabs/Tile_Red.prefab using Guid(75ea199343dfbd4408af280ec15a6cc9) Importer(815301076,1909f56bfc062723c751e8b465ee728b)  -> (artifact id: '7d939bef90ad8f3675033da11ff43c0f') in 0.003075 seconds
  Import took 0.004945 seconds .

========================================================================
Received Prepare
Registering precompiled user dll's ...
Registered in 0.000524 seconds.
Begin MonoManager ReloadAssembly
Native extension for WindowsStandalone target not found
Refreshing native plugins compatible for Editor in 0.23 ms, found 0 plugins.
Preloading 0 native plugins for Editor in 0.00 ms.
Mono: successfully reloaded assembly
- Completed reload, in  0.624 seconds
Platform modules already initialized, skipping
Refreshing native plugins compatible for Editor in 0.23 ms, found 0 plugins.
Preloading 0 native plugins for Editor in 0.00 ms.
Unloading 1451 Unused Serialized files (Serialized files now loaded: 0)
System memory in use before: 70.2 MB.
System memory in use after: 70.3 MB.

Unloading 6 unused Assets to reduce memory usage. Loaded Objects now: 1981.
Total: 4.093000 ms (FindLiveObjects: 0.322800 ms CreateObjectMapping: 0.126800 ms MarkObjects: 3.460900 ms  DeleteObjects: 0.180200 ms)

========================================================================
Received Prepare
Registering precompiled user dll's ...
Registered in 0.000557 seconds.
Begin MonoManager ReloadAssembly
Native extension for WindowsStandalone target not found
Refreshing native plugins compatible for Editor in 0.23 ms, found 0 plugins.
Preloading 0 native plugins for Editor in 0.00 ms.
Mono: successfully reloaded assembly
- Completed reload, in  0.613 seconds
Platform modules already initialized, skipping
Refreshing native plugins compatible for Editor in 0.23 ms, found 0 plugins.
Preloading 0 native plugins for Editor in 0.00 ms.
Unloading 1451 Unused Serialized files (Serialized files now loaded: 0)
System memory in use before: 70.2 MB.
System memory in use after: 70.3 MB.

Unloading 6 unused Assets to reduce memory usage. Loaded Objects now: 1984.
Total: 2.295400 ms (FindLiveObjects: 0.254500 ms CreateObjectMapping: 0.083900 ms MarkObjects: 1.885100 ms  DeleteObjects: 0.070400 ms)

========================================================================
Received Prepare
Registering precompiled user dll's ...
Registered in 0.000502 seconds.
Begin MonoManager ReloadAssembly
Native extension for WindowsStandalone target not found
Refreshing native plugins compatible for Editor in 0.24 ms, found 0 plugins.
Preloading 0 native plugins for Editor in 0.00 ms.
Mono: successfully reloaded assembly
- Completed reload, in  0.611 seconds
Platform modules already initialized, skipping
Refreshing native plugins compatible for Editor in 0.23 ms, found 0 plugins.
Preloading 0 native plugins for Editor in 0.00 ms.
Unloading 1451 Unused Serialized files (Serialized files now loaded: 0)
System memory in use before: 70.2 MB.
System memory in use after: 70.3 MB.

Unloading 6 unused Assets to reduce memory usage. Loaded Objects now: 1987.
Total: 1.593300 ms (FindLiveObjects: 0.145300 ms CreateObjectMapping: 0.034300 ms MarkObjects: 1.347600 ms  DeleteObjects: 0.065300 ms)

========================================================================
Received Prepare
Registering precompiled user dll's ...
Registered in 0.000528 seconds.
Begin MonoManager ReloadAssembly
Native extension for WindowsStandalone target not found
Refreshing native plugins compatible for Editor in 0.23 ms, found 0 plugins.
Preloading 0 native plugins for Editor in 0.00 ms.
Mono: successfully reloaded assembly
- Completed reload, in  0.607 seconds
Platform modules already initialized, skipping
Refreshing native plugins compatible for Editor in 0.24 ms, found 0 plugins.
Preloading 0 native plugins for Editor in 0.00 ms.
Unloading 1451 Unused Serialized files (Serialized files now loaded: 0)
System memory in use before: 70.3 MB.
System memory in use after: 70.3 MB.

Unloading 6 unused Assets to reduce memory usage. Loaded Objects now: 1990.
Total: 2.101700 ms (FindLiveObjects: 0.236400 ms CreateObjectMapping: 0.067200 ms MarkObjects: 1.673500 ms  DeleteObjects: 0.123700 ms)

========================================================================
Received Prepare
Registering precompiled user dll's ...
Registered in 0.000518 seconds.
Begin MonoManager ReloadAssembly
Native extension for WindowsStandalone target not found
Refreshing native plugins compatible for Editor in 0.24 ms, found 0 plugins.
Preloading 0 native plugins for Editor in 0.00 ms.
Mono: successfully reloaded assembly
- Completed reload, in  0.629 seconds
Platform modules already initialized, skipping
Refreshing native plugins compatible for Editor in 0.23 ms, found 0 plugins.
Preloading 0 native plugins for Editor in 0.00 ms.
Unloading 1451 Unused Serialized files (Serialized files now loaded: 0)
System memory in use before: 70.3 MB.
System memory in use after: 70.3 MB.

Unloading 6 unused Assets to reduce memory usage. Loaded Objects now: 1993.
Total: 5.966600 ms (FindLiveObjects: 0.444300 ms CreateObjectMapping: 0.179600 ms MarkObjects: 5.082200 ms  DeleteObjects: 0.257800 ms)

========================================================================
Received Prepare
Registering precompiled user dll's ...
Registered in 0.000554 seconds.
Begin MonoManager ReloadAssembly
Native extension for WindowsStandalone target not found
Refreshing native plugins compatible for Editor in 0.23 ms, found 0 plugins.
Preloading 0 native plugins for Editor in 0.00 ms.
Mono: successfully reloaded assembly
- Completed reload, in  0.596 seconds
Platform modules already initialized, skipping
Refreshing native plugins compatible for Editor in 0.23 ms, found 0 plugins.
Preloading 0 native plugins for Editor in 0.00 ms.
Unloading 1451 Unused Serialized files (Serialized files now loaded: 0)
System memory in use before: 70.3 MB.
System memory in use after: 70.3 MB.

Unloading 6 unused Assets to reduce memory usage. Loaded Objects now: 1996.
Total: 1.873500 ms (FindLiveObjects: 0.236400 ms CreateObjectMapping: 0.096900 ms MarkObjects: 1.410500 ms  DeleteObjects: 0.128900 ms)

========================================================================
Received Prepare
Registering precompiled user dll's ...
Registered in 0.000571 seconds.
Begin MonoManager ReloadAssembly
Native extension for WindowsStandalone target not found
Refreshing native plugins compatible for Editor in 0.23 ms, found 0 plugins.
Preloading 0 native plugins for Editor in 0.00 ms.
Mono: successfully reloaded assembly
- Completed reload, in  0.607 seconds
Platform modules already initialized, skipping
Refreshing native plugins compatible for Editor in 0.24 ms, found 0 plugins.
Preloading 0 native plugins for Editor in 0.00 ms.
Unloading 1451 Unused Serialized files (Serialized files now loaded: 0)
System memory in use before: 70.3 MB.
System memory in use after: 70.3 MB.

Unloading 6 unused Assets to reduce memory usage. Loaded Objects now: 1999.
Total: 2.704800 ms (FindLiveObjects: 0.262200 ms CreateObjectMapping: 0.097700 ms MarkObjects: 2.220700 ms  DeleteObjects: 0.122800 ms)

========================================================================
Received Prepare
Registering precompiled user dll's ...
Registered in 0.000499 seconds.
Begin MonoManager ReloadAssembly
Native extension for WindowsStandalone target not found
Refreshing native plugins compatible for Editor in 0.23 ms, found 0 plugins.
Preloading 0 native plugins for Editor in 0.00 ms.
Mono: successfully reloaded assembly
- Completed reload, in  0.603 seconds
Platform modules already initialized, skipping
Refreshing native plugins compatible for Editor in 0.23 ms, found 0 plugins.
Preloading 0 native plugins for Editor in 0.00 ms.
Unloading 1451 Unused Serialized files (Serialized files now loaded: 0)
System memory in use before: 70.3 MB.
System memory in use after: 70.3 MB.

Unloading 6 unused Assets to reduce memory usage. Loaded Objects now: 2002.
Total: 2.525000 ms (FindLiveObjects: 0.239900 ms CreateObjectMapping: 0.070600 ms MarkObjects: 2.143300 ms  DeleteObjects: 0.070200 ms)

========================================================================
Received Prepare
Registering precompiled user dll's ...
Registered in 0.000513 seconds.
Begin MonoManager ReloadAssembly
Native extension for WindowsStandalone target not found
Refreshing native plugins compatible for Editor in 0.31 ms, found 0 plugins.
Preloading 0 native plugins for Editor in 0.00 ms.
Mono: successfully reloaded assembly
- Completed reload, in  0.588 seconds
Platform modules already initialized, skipping
Refreshing native plugins compatible for Editor in 0.23 ms, found 0 plugins.
Preloading 0 native plugins for Editor in 0.00 ms.
Unloading 1451 Unused Serialized files (Serialized files now loaded: 0)
System memory in use before: 70.3 MB.
System memory in use after: 70.3 MB.

Unloading 6 unused Assets to reduce memory usage. Loaded Objects now: 2005.
Total: 1.586500 ms (FindLiveObjects: 0.139200 ms CreateObjectMapping: 0.041100 ms MarkObjects: 1.343900 ms  DeleteObjects: 0.061600 ms)

AssetImportWorkerClient::OnTransportError - code=2 error=End of file
